[05May2020 14:07:49.044] [main/INFO] [cpw.mods.modlauncher.Launcher/MODLAUNCHER]: ModLauncher running: args [--gameDir, ., --launchTarget, fmluserdevclient, --fml.mcpVersion, 20200122.131323, --fml.mcVersion, 1.15.2, --fml.forgeGroup, net.minecraftforge, --fml.forgeVersion, 31.1.0, --version, MOD_DEV, --assetIndex, 1.15, --assetsDir, C:\Users\Michael\.gradle\caches\forge_gradle\assets, --username, Dev, --accessToken, ????????, --userProperties, {}]
[05May2020 14:07:49.061] [main/INFO] [cpw.mods.modlauncher.Launcher/MODLAUNCHER]: ModLauncher 5.0.0-milestone.4+67+b1a340b starting: java version 1.8.0_251 by Oracle Corporation
[05May2020 14:07:51.038] [main/INFO] [net.minecraftforge.fml.loading.FixSSL/CORE]: Added Lets Encrypt root certificates as additional trust
[05May2020 14:07:53.243] [main/INFO] [STDERR/]: [java.lang.ThreadGroup:uncaughtException:-1]: com.electronwill.nightconfig.core.io.ParsingException: Invalid character 't' after table entry "[description]" = My first mod, it doesn
[05May2020 14:07:53.244] [main/INFO] [STDERR/]: [java.lang.ThreadGroup:uncaughtException:-1]: 	at com.electronwill.nightconfig.toml.TableParser.parseNormal(TableParser.java:69)
[05May2020 14:07:53.245] [main/INFO] [STDERR/]: [java.lang.ThreadGroup:uncaughtException:-1]: 	at com.electronwill.nightconfig.toml.TableParser.parseNormal(TableParser.java:101)
[05May2020 14:07:53.246] [main/INFO] [STDERR/]: [java.lang.ThreadGroup:uncaughtException:-1]: 	at com.electronwill.nightconfig.toml.TomlParser.parse(TomlParser.java:72)
[05May2020 14:07:53.247] [main/INFO] [STDERR/]: [java.lang.ThreadGroup:uncaughtException:-1]: 	at com.electronwill.nightconfig.toml.TomlParser.parse(TomlParser.java:37)
[05May2020 14:07:53.247] [main/INFO] [STDERR/]: [java.lang.ThreadGroup:uncaughtException:-1]: 	at com.electronwill.nightconfig.core.io.ConfigParser.parse(ConfigParser.java:113)
[05May2020 14:07:53.248] [main/INFO] [STDERR/]: [java.lang.ThreadGroup:uncaughtException:-1]: 	at com.electronwill.nightconfig.core.io.ConfigParser.parse(ConfigParser.java:219)
[05May2020 14:07:53.249] [main/INFO] [STDERR/]: [java.lang.ThreadGroup:uncaughtException:-1]: 	at com.electronwill.nightconfig.core.io.ConfigParser.parse(ConfigParser.java:202)
[05May2020 14:07:53.256] [main/INFO] [STDERR/]: [java.lang.ThreadGroup:uncaughtException:-1]: 	at com.electronwill.nightconfig.core.file.WriteAsyncFileConfig.load(WriteAsyncFileConfig.java:138)
[05May2020 14:07:53.257] [main/INFO] [STDERR/]: [java.lang.ThreadGroup:uncaughtException:-1]: 	at net.minecraftforge.fml.loading.moddiscovery.ModFileParser.loadModFile(ModFileParser.java:57)
[05May2020 14:07:53.258] [main/INFO] [STDERR/]: [java.lang.ThreadGroup:uncaughtException:-1]: 	at net.minecraftforge.fml.loading.moddiscovery.ModFileParser.readModList(ModFileParser.java:51)
[05May2020 14:07:53.258] [main/INFO] [STDERR/]: [java.lang.ThreadGroup:uncaughtException:-1]: 	at net.minecraftforge.fml.loading.moddiscovery.ModFile.identifyMods(ModFile.java:132)
[05May2020 14:07:53.259] [main/INFO] [STDERR/]: [java.lang.ThreadGroup:uncaughtException:-1]: 	at net.minecraftforge.fml.loading.moddiscovery.ModDiscoverer.discoverMods(ModDiscoverer.java:116)
[05May2020 14:07:53.260] [main/INFO] [STDERR/]: [java.lang.ThreadGroup:uncaughtException:-1]: 	at net.minecraftforge.fml.loading.FMLLoader.beginModScan(FMLLoader.java:208)
[05May2020 14:07:53.261] [main/INFO] [STDERR/]: [java.lang.ThreadGroup:uncaughtException:-1]: 	at net.minecraftforge.fml.loading.FMLServiceProvider.runScan(FMLServiceProvider.java:105)
[05May2020 14:07:53.262] [main/INFO] [STDERR/]: [java.lang.ThreadGroup:uncaughtException:-1]: 	at cpw.mods.modlauncher.TransformationServiceDecorator.runScan(TransformationServiceDecorator.java:111)
[05May2020 14:07:53.263] [main/INFO] [STDERR/]: [java.lang.ThreadGroup:uncaughtException:-1]: 	at cpw.mods.modlauncher.TransformationServicesHandler.lambda$runScanningTransformationServices$8(TransformationServicesHandler.java:115)
[05May2020 14:07:53.263] [main/INFO] [STDERR/]: [java.lang.ThreadGroup:uncaughtException:-1]: 	at java.util.stream.ReferencePipeline$7$1.accept(Unknown Source)
[05May2020 14:07:53.264] [main/INFO] [STDERR/]: [java.lang.ThreadGroup:uncaughtException:-1]: 	at java.util.HashMap$ValueSpliterator.forEachRemaining(Unknown Source)
[05May2020 14:07:53.265] [main/INFO] [STDERR/]: [java.lang.ThreadGroup:uncaughtException:-1]: 	at java.util.stream.AbstractPipeline.copyInto(Unknown Source)
[05May2020 14:07:53.266] [main/INFO] [STDERR/]: [java.lang.ThreadGroup:uncaughtException:-1]: 	at java.util.stream.AbstractPipeline.wrapAndCopyInto(Unknown Source)
[05May2020 14:07:53.266] [main/INFO] [STDERR/]: [java.lang.ThreadGroup:uncaughtException:-1]: 	at java.util.stream.ReduceOps$ReduceOp.evaluateSequential(Unknown Source)
[05May2020 14:07:53.313] [main/INFO] [STDERR/]: [java.lang.ThreadGroup:uncaughtException:-1]: 	at java.util.stream.AbstractPipeline.evaluate(Unknown Source)
[05May2020 14:07:53.313] [main/INFO] [STDERR/]: [java.lang.ThreadGroup:uncaughtException:-1]: 	at java.util.stream.ReferencePipeline.collect(Unknown Source)
[05May2020 14:07:53.314] [main/INFO] [STDERR/]: [java.lang.ThreadGroup:uncaughtException:-1]: 	at cpw.mods.modlauncher.TransformationServicesHandler.runScanningTransformationServices(TransformationServicesHandler.java:116)
[05May2020 14:07:53.314] [main/INFO] [STDERR/]: [java.lang.ThreadGroup:uncaughtException:-1]: 	at cpw.mods.modlauncher.TransformationServicesHandler.initializeTransformationServices(TransformationServicesHandler.java:63)
[05May2020 14:07:53.315] [main/INFO] [STDERR/]: [java.lang.ThreadGroup:uncaughtException:-1]: 	at cpw.mods.modlauncher.Launcher.run(Launcher.java:75)
[05May2020 14:07:53.316] [main/INFO] [STDERR/]: [java.lang.ThreadGroup:uncaughtException:-1]: 	at cpw.mods.modlauncher.Launcher.main(Launcher.java:65)
[05May2020 14:07:53.316] [main/INFO] [STDERR/]: [java.lang.ThreadGroup:uncaughtException:-1]: 	at net.minecraftforge.userdev.LaunchTesting.main(LaunchTesting.java:102)
